********************************************************************************
product = Open Liberty 19.0.0.12 (wlp-1.0.35.cl191220191120-0300)
wlp.install.dir = /Users/emily/Downloads/port/service-b/target/liberty/wlp/
java.home = /Library/Java/JavaVirtualMachines/adoptopenjdk-11-openj9.jdk/Contents/Home
java.version = 11.0.5
java.runtime = OpenJDK Runtime Environment (11.0.5+10)
os = Mac OS X (10.15.2; x86_64) (en_GB)
process = 93686@emilys-mbp.hursley.uk.ibm.com
********************************************************************************
[10/01/2020, 18:42:46:572 GMT] 00000001 com.ibm.ws.kernel.launch.internal.FrameworkManager           A CWWKE0001I: The server port has been launched.
[10/01/2020, 18:42:47:619 GMT] 00000001 com.ibm.ws.kernel.launch.internal.FrameworkManager           I CWWKE0002I: The kernel started after 1.379 seconds
[10/01/2020, 18:42:47:659 GMT] 00000030 com.ibm.ws.kernel.feature.internal.FeatureManager            I CWWKF0007I: Feature update started.
[10/01/2020, 18:42:48:103 GMT] 00000024 com.ibm.ws.security.ready.internal.SecurityReadyServiceImpl  I CWWKS0007I: The security service is starting...
[10/01/2020, 18:42:48:174 GMT] 00000024 .apache.cxf.cxf.core.3.2:1.0.35.cl191220191120-0300(id=173)] I Aries Blueprint packages not available. So namespaces will not be registered
[10/01/2020, 18:42:48:176 GMT] 00000024 .apache.cxf.cxf.core.3.2:1.0.35.cl191220191120-0300(id=173)] I Aries Blueprint packages not available. So namespaces will not be registered
[10/01/2020, 18:42:48:302 GMT] 00000027 com.ibm.ws.app.manager.internal.monitor.DropinMonitor        A CWWKZ0058I: Monitoring dropins for applications.
[10/01/2020, 18:42:48:364 GMT] 00000026 com.ibm.ws.annocache.service                                 I OSGi Work Path [ /Users/emily/Downloads/port/service-b/target/liberty/wlp/usr/servers/port/workarea/org.eclipse.osgi/41/data ]
[10/01/2020, 18:42:48:483 GMT] 00000034 com.ibm.ws.tcpchannel.internal.TCPChannel                    I CWWKO0219I: TCP Channel defaultHttpEndpoint has been started and is now listening for requests on host localhost  (IPv4: 127.0.0.1) port 9081.
[10/01/2020, 18:42:48:783 GMT] 00000024 com.ibm.ws.cache.ServerCache                                 I DYNA1001I: WebSphere Dynamic Cache instance named baseCache initialized successfully.
[10/01/2020, 18:42:48:785 GMT] 00000024 com.ibm.ws.cache.ServerCache                                 I DYNA1071I: The cache provider default is being used.
[10/01/2020, 18:42:48:785 GMT] 00000024 com.ibm.ws.cache.CacheServiceImpl                            I DYNA1056I: Dynamic Cache (object cache) initialized successfully.
[10/01/2020, 18:42:48:958 GMT] 0000003b com.ibm.ws.security.token.ltpa.internal.LTPAKeyCreateTask    I CWWKS4105I: LTPA configuration is ready after 0.012 seconds.
[10/01/2020, 18:42:48:982 GMT] 00000024 ibm.ws.security.authentication.internal.jaas.JAASServiceImpl I CWWKS1123I: The collective authentication plugin with class name NullCollectiveAuthenticationPlugin has been activated. 
[10/01/2020, 18:42:49:208 GMT] 0000002c com.ibm.ws.ssl.config.WSKeyStore                             I Successfully loaded default keystore: /Users/emily/Downloads/port/service-b/target/liberty/wlp/usr/servers/port/resources/security/public.jks of type: JKS
[10/01/2020, 18:42:49:242 GMT] 0000003f com.ibm.ws.tcpchannel.internal.TCPChannel                    I CWWKO0219I: TCP Channel defaultHttpEndpoint-ssl has been started and is now listening for requests on host localhost  (IPv4: 127.0.0.1) port 9444.
[10/01/2020, 18:42:49:246 GMT] 00000024 com.ibm.ws.security.jwt.internal.ConsumerImpl                I CWWKS6012I: The JSON Web Token (JWT) consumer service is available.
[10/01/2020, 18:42:49:261 GMT] 00000024 com.ibm.ws.security.jwt.web.JwtEndpointServices              I CWWKS6002I: The JSON Web Token (JWT) endpoint service is available.
[10/01/2020, 18:42:49:290 GMT] 00000024 .ws.security.mp.jwt.v11.config.impl.MpConfigProxyServiceImpl I CWWKS5775I: The MicroProfile JWT version 1.1 mpConfigProxy processed successfully.
[10/01/2020, 18:42:49:299 GMT] 00000024 com.ibm.ws.security.mp.jwt.impl.MicroProfileJwtConfigImpl    I CWWKS5500I: The MicroProfile JWT configuration [jwtUserConsumer] was successfully processed.
[10/01/2020, 18:42:49:301 GMT] 00000024 com.ibm.ws.security.mp.jwt.impl.MicroProfileJwtConfigImpl    I CWWKS5500I: The MicroProfile JWT configuration [defaultMpJwt] was successfully processed.
[10/01/2020, 18:42:49:303 GMT] 00000024 com.ibm.ws.security.mp.jwt.impl.MicroProfileJwtServiceImpl   I CWWKS5500I: The MicroProfile JWT configuration [MicroProfileJwtService] was successfully processed.
[10/01/2020, 18:42:49:495 GMT] 00000024 com.ibm.ws.session.WASSessionCore                            I SESN8501I: The session manager did not find a persistent storage location; HttpSession objects will be stored in the local application server's memory.
[10/01/2020, 18:42:49:880 GMT] 0000003b com.ibm.ws.app.manager.AppMessageHelper                      I CWWKZ0018I: Starting application port.
[10/01/2020, 18:42:49:881 GMT] 0000003b bm.ws.app.manager.war.internal.WARDeployedAppInfoFactoryImpl I CWWKZ0134I: The port application is using the loose application definition at the /Users/emily/Downloads/port/service-b/target/liberty/wlp/usr/servers/port/apps/port.war.xml location.
[10/01/2020, 18:42:50:090 GMT] 00000039 com.ibm.ws.webcontainer.osgi.webapp.WebGroup                 I SRVE0169I: Loading Web Module: PublicMicroProfileMetrics.
[10/01/2020, 18:42:50:092 GMT] 00000039 com.ibm.ws.webcontainer                                      I SRVE0250I: Web Module PublicMicroProfileMetrics has been bound to default_host.
[10/01/2020, 18:42:50:091 GMT] 00000034 com.ibm.ws.webcontainer.osgi.webapp.WebGroup                 I SRVE0169I: Loading Web Module: ibm/api.
[10/01/2020, 18:42:50:094 GMT] 00000034 com.ibm.ws.webcontainer                                      I SRVE0250I: Web Module ibm/api has been bound to default_host.
[10/01/2020, 18:42:50:094 GMT] 00000039 com.ibm.ws.http.internal.VirtualHostImpl                     A CWWKT0016I: Web application available (default_host): http://localhost:9081/metrics/
[10/01/2020, 18:42:50:090 GMT] 00000032 com.ibm.ws.webcontainer.osgi.webapp.WebGroup                 I SRVE0169I: Loading Web Module: OpenAPIUI.
[10/01/2020, 18:42:50:095 GMT] 00000032 com.ibm.ws.webcontainer                                      I SRVE0250I: Web Module OpenAPIUI has been bound to default_host.
[10/01/2020, 18:42:50:096 GMT] 00000032 com.ibm.ws.http.internal.VirtualHostImpl                     A CWWKT0016I: Web application available (default_host): http://localhost:9081/openapi/ui/
[10/01/2020, 18:42:50:096 GMT] 00000034 com.ibm.ws.http.internal.VirtualHostImpl                     A CWWKT0016I: Web application available (default_host): http://localhost:9081/ibm/api/
[10/01/2020, 18:42:50:103 GMT] 0000003a com.ibm.ws.webcontainer.osgi.webapp.WebGroup                 I SRVE0169I: Loading Web Module: health.
[10/01/2020, 18:42:50:104 GMT] 0000003a com.ibm.ws.webcontainer                                      I SRVE0250I: Web Module health has been bound to default_host.
[10/01/2020, 18:42:50:104 GMT] 0000003a com.ibm.ws.http.internal.VirtualHostImpl                     A CWWKT0016I: Web application available (default_host): http://localhost:9081/health/
[10/01/2020, 18:42:50:148 GMT] 00000048 com.ibm.ws.webcontainer.osgi.webapp.WebGroup                 I SRVE0169I: Loading Web Module: com.ibm.ws.security.jwt.
[10/01/2020, 18:42:50:149 GMT] 00000048 com.ibm.ws.webcontainer                                      I SRVE0250I: Web Module com.ibm.ws.security.jwt has been bound to default_host.
[10/01/2020, 18:42:50:149 GMT] 00000048 com.ibm.ws.http.internal.VirtualHostImpl                     A CWWKT0016I: Web application available (default_host): http://localhost:9081/jwt/
[10/01/2020, 18:42:50:178 GMT] 00000047 com.ibm.ws.session.WASSessionCore                            I SESN0176I: A new session context will be created for application key default_host/openapi/ui
[10/01/2020, 18:42:50:179 GMT] 0000003e com.ibm.ws.session.WASSessionCore                            I SESN0176I: A new session context will be created for application key default_host/health
[10/01/2020, 18:42:50:179 GMT] 0000003d com.ibm.ws.session.WASSessionCore                            I SESN0176I: A new session context will be created for application key default_host/jwt
[10/01/2020, 18:42:50:180 GMT] 00000046 com.ibm.ws.session.WASSessionCore                            I SESN0176I: A new session context will be created for application key default_host/ibm/api
[10/01/2020, 18:42:50:179 GMT] 00000045 com.ibm.ws.session.WASSessionCore                            I SESN0176I: A new session context will be created for application key default_host/metrics
[10/01/2020, 18:42:50:192 GMT] 00000047 com.ibm.ws.util                                              I SESN0172I: The session manager is using the Java default SecureRandom implementation for session ID generation.
[10/01/2020, 18:42:50:197 GMT] 00000046 com.ibm.ws.util                                              I SESN0172I: The session manager is using the Java default SecureRandom implementation for session ID generation.
[10/01/2020, 18:42:50:198 GMT] 0000003e com.ibm.ws.util                                              I SESN0172I: The session manager is using the Java default SecureRandom implementation for session ID generation.
[10/01/2020, 18:42:50:199 GMT] 00000045 com.ibm.ws.util                                              I SESN0172I: The session manager is using the Java default SecureRandom implementation for session ID generation.
[10/01/2020, 18:42:50:201 GMT] 0000003d com.ibm.ws.util                                              I SESN0172I: The session manager is using the Java default SecureRandom implementation for session ID generation.
[10/01/2020, 18:42:50:230 GMT] 00000047 com.ibm.ws.cache.CacheServiceImpl                            I DYNA1056I: Dynamic Cache (object cache) initialized successfully.
[10/01/2020, 18:42:50:357 GMT] 00000031 com.ibm.ws.webcontainer.osgi.webapp.WebGroup                 I SRVE0169I: Loading Web Module: MicroProfileOpenAPI.
[10/01/2020, 18:42:50:358 GMT] 00000031 com.ibm.ws.webcontainer                                      I SRVE0250I: Web Module MicroProfileOpenAPI has been bound to default_host.
[10/01/2020, 18:42:50:358 GMT] 00000031 com.ibm.ws.http.internal.VirtualHostImpl                     A CWWKT0016I: Web application available (default_host): http://localhost:9081/openapi/
[10/01/2020, 18:42:50:363 GMT] 00000034 com.ibm.ws.session.WASSessionCore                            I SESN0176I: A new session context will be created for application key default_host/openapi
[10/01/2020, 18:42:50:363 GMT] 00000034 com.ibm.ws.util                                              I SESN0172I: The session manager is using the Java default SecureRandom implementation for session ID generation.
[10/01/2020, 18:42:50:410 GMT] 0000003e com.ibm.ws.webcontainer.servlet                              I SRVE0242I: [com.ibm.ws.microprofile.health.2.0] [/health] [HealthCheckReadinessServlet]: Initialization successful.
[10/01/2020, 18:42:50:422 GMT] 00000045 com.ibm.ws.webcontainer.servlet                              I SRVE0242I: [com.ibm.ws.microprofile.metrics.public] [/metrics] [PublicMetricsRESTProxyServlet]: Initialization successful.
[10/01/2020, 18:42:50:422 GMT] 0000003e com.ibm.ws.webcontainer.servlet                              I SRVE0242I: [com.ibm.ws.microprofile.health.2.0] [/health] [HealthCheckServlet]: Initialization successful.
[10/01/2020, 18:42:50:425 GMT] 0000003e com.ibm.ws.webcontainer.servlet                              I SRVE0242I: [com.ibm.ws.microprofile.health.2.0] [/health] [HealthCheckLivenessServlet]: Initialization successful.
[10/01/2020, 18:42:50:435 GMT] 00000034 com.ibm.ws.webcontainer.servlet                              I SRVE0242I: [com.ibm.ws.microprofile.openapi] [/openapi] [OpenAPIServlet]: Initialization successful.
[10/01/2020, 18:42:50:612 GMT] 0000003f com.ibm.ws.webcontainer.osgi.mbeans.PluginGenerator          I SRVE9103I: A configuration file for a web server plugin was automatically generated for this server at /Users/emily/Downloads/port/service-b/target/liberty/wlp/usr/servers/port/logs/state/plugin-cfg.xml.
[10/01/2020, 18:42:50:649 GMT] 00000043 com.ibm.ws.webcontainer.osgi.mbeans.PluginGenerator          I SRVE9103I: A configuration file for a web server plugin was automatically generated for this server at /Users/emily/Downloads/port/service-b/target/liberty/wlp/usr/servers/port/logs/state/plugin-cfg.xml.
[10/01/2020, 18:42:51:247 GMT] 0000003b com.ibm.ws.microprofile.openapi.ApplicationProcessor         I CWWKO1660I: The application port was processed and an OpenAPI document was produced.
[10/01/2020, 18:42:51:273 GMT] 0000003b org.jboss.weld.Version                                       I WELD-000900: 3.1.1 (Final)
[10/01/2020, 18:42:53:068 GMT] 0000003b com.ibm.ws.webcontainer.osgi.webapp.WebGroup                 I SRVE0169I: Loading Web Module: port.
[10/01/2020, 18:42:53:068 GMT] 0000003b com.ibm.ws.webcontainer                                      I SRVE0250I: Web Module port has been bound to default_host.
[10/01/2020, 18:42:53:068 GMT] 0000003b com.ibm.ws.http.internal.VirtualHostImpl                     A CWWKT0016I: Web application available (default_host): http://localhost:9081/
[10/01/2020, 18:42:53:070 GMT] 00000043 com.ibm.ws.session.WASSessionCore                            I SESN0176I: A new session context will be created for application key default_host/
[10/01/2020, 18:42:53:070 GMT] 0000003b com.ibm.ws.app.manager.AppMessageHelper                      A CWWKZ0001I: Application port started in 3.190 seconds.
[10/01/2020, 18:42:53:070 GMT] 00000043 com.ibm.ws.util                                              I SESN0172I: The session manager is using the Java default SecureRandom implementation for session ID generation.
[10/01/2020, 18:42:53:095 GMT] 00000030 com.ibm.ws.kernel.feature.internal.FeatureManager            A CWWKF0012I: The server installed the following features: [appSecurity-2.0, cdi-2.0, concurrent-1.0, distributedMap-1.0, jaxrs-2.1, jaxrsClient-2.1, jndi-1.0, json-1.0, jsonb-1.0, jsonp-1.1, jwt-1.0, microProfile-3.2, mpConfig-1.3, mpFaultTolerance-2.0, mpHealth-2.1, mpJwt-1.1, mpMetrics-2.2, mpOpenAPI-1.1, mpOpenTracing-1.3, mpRestClient-1.3, opentracing-1.3, servlet-4.0, ssl-1.0].
[10/01/2020, 18:42:53:097 GMT] 00000030 com.ibm.ws.kernel.feature.internal.FeatureManager            I CWWKF0008I: Feature update completed in 5.478 seconds.
[10/01/2020, 18:42:53:097 GMT] 00000030 com.ibm.ws.kernel.feature.internal.FeatureManager            A CWWKF0011I: The port server is ready to run a smarter planet. The port server started in 6.859 seconds.
[10/01/2020, 18:42:53:100 GMT] 00000039 com.ibm.ws.webcontainer.osgi.mbeans.PluginGenerator          I SRVE9103I: A configuration file for a web server plugin was automatically generated for this server at /Users/emily/Downloads/port/service-b/target/liberty/wlp/usr/servers/port/logs/state/plugin-cfg.xml.
[10/01/2020, 18:44:42:794 GMT] 0000008d .apache.cxf.cxf.core.3.2:1.0.35.cl191220191120-0300(id=173)] I Setting the server's publish address to be /data/
[10/01/2020, 18:44:42:863 GMT] 0000008d com.ibm.ws.webcontainer.servlet                              I SRVE0242I: [port] [/] [com.example.port.PortRestApplication]: Initialization successful.
[10/01/2020, 18:44:42:975 GMT] 0000008d SystemErr                                                    R SLF4J: Failed to load class "org.slf4j.impl.StaticLoggerBinder".
[10/01/2020, 18:44:42:975 GMT] 0000008d SystemErr                                                    R SLF4J: Defaulting to no-operation (NOP) logger implementation
[10/01/2020, 18:44:42:976 GMT] 0000008d SystemErr                                                    R SLF4J: See http://www.slf4j.org/codes.html#StaticLoggerBinder for further details.
[10/01/2020, 18:44:43:331 GMT] 0000008d m.ibm.ws.microprofile.opentracing.jaeger.JaegerTracerFactory I CWMOT1001I: A JaegerTracer instance was created for the port application.  Tracing information is sent to localhost:6831.
