------Start of DE processing------ = [10/01/2020, 18:20:48:312 GMT]
Exception = java.util.NoSuchElementException
Source = com.ibm.ws.microprofile.config.cdi.ConfigCDIExtension
probeid = 141
Stack Dump = java.util.NoSuchElementException: CWMCG0015E: The property injected.value was not found in the configuration.
	at com.ibm.ws.microprofile.config.impl.AbstractConfig.getValue(AbstractConfig.java:175)
	at com.ibm.ws.microprofile.config.impl.AbstractConfig.getValue(AbstractConfig.java:141)
	at com.ibm.ws.microprofile.config.cdi.ConfigProducer.newValue(ConfigProducer.java:44)
	at com.ibm.ws.microprofile.config.cdi.ConfigCDIExtension.processConversionType(ConfigCDIExtension.java:139)
	at com.ibm.ws.microprofile.config.cdi.ConfigCDIExtension.processInjectionTarget(ConfigCDIExtension.java:74)
	at jdk.internal.reflect.GeneratedMethodAccessor721.invoke(Unknown Source)
	at java.base/java.lang.reflect.Method.invoke(Method.java:566)
	at org.jboss.weld.injection.StaticMethodInjectionPoint.invoke(StaticMethodInjectionPoint.java:95)
	at org.jboss.weld.injection.StaticMethodInjectionPoint.invoke(StaticMethodInjectionPoint.java:85)
	at org.jboss.weld.injection.MethodInvocationStrategy$SimpleMethodInvocationStrategy.invoke(MethodInvocationStrategy.java:168)
	at org.jboss.weld.event.ObserverMethodImpl.sendEvent(ObserverMethodImpl.java:330)
	at org.jboss.weld.event.ExtensionObserverMethodImpl.sendEvent(ExtensionObserverMethodImpl.java:123)
	at org.jboss.weld.event.ObserverMethodImpl.sendEvent(ObserverMethodImpl.java:308)
	at org.jboss.weld.event.ObserverMethodImpl.notify(ObserverMethodImpl.java:286)
	at javax.enterprise.inject.spi.ObserverMethod.notify(ObserverMethod.java:124)
	at org.jboss.weld.util.Observers.notify(Observers.java:166)
	at org.jboss.weld.event.ObserverNotifier.notifySyncObservers(ObserverNotifier.java:285)
	at org.jboss.weld.event.ObserverNotifier.notify(ObserverNotifier.java:273)
	at org.jboss.weld.event.ObserverNotifier.fireEvent(ObserverNotifier.java:177)
	at org.jboss.weld.event.ObserverNotifier.fireEvent(ObserverNotifier.java:171)
	at org.jboss.weld.bootstrap.events.AbstractContainerEvent.fire(AbstractContainerEvent.java:53)
	at org.jboss.weld.bootstrap.events.AbstractDefinitionContainerEvent.fire(AbstractDefinitionContainerEvent.java:44)
	at org.jboss.weld.bootstrap.events.AbstractProcessInjectionTarget.fire(AbstractProcessInjectionTarget.java:40)
	at org.jboss.weld.bootstrap.events.ContainerLifecycleEvents.fireProcessInjectionTarget(ContainerLifecycleEvents.java:279)
	at org.jboss.weld.manager.BeanManagerImpl.fireProcessInjectionTarget(BeanManagerImpl.java:1243)
	at org.jboss.weld.manager.BeanManagerImpl.fireProcessInjectionTarget(BeanManagerImpl.java:1238)
	at com.ibm.ws.cdi.impl.weld.BeanDeploymentArchiveImpl.createJEEComponentInjectionTarget(BeanDeploymentArchiveImpl.java:910)
	at com.ibm.ws.cdi.impl.weld.BeanDeploymentArchiveImpl.createInjectionTargetsForJEEComponentClass(BeanDeploymentArchiveImpl.java:848)
	at com.ibm.ws.cdi.impl.weld.BeanDeploymentArchiveImpl.createInjectionTargetsForJEEComponentClasses(BeanDeploymentArchiveImpl.java:834)
	at com.ibm.ws.cdi.impl.weld.WebSphereCDIDeploymentImpl.validateJEEComponentClasses(WebSphereCDIDeploymentImpl.java:673)
	at com.ibm.ws.cdi.impl.CDIContainerImpl.startInitialization(CDIContainerImpl.java:155)
	at com.ibm.ws.cdi.liberty.CDIRuntimeImpl.applicationStarting(CDIRuntimeImpl.java:448)
	at com.ibm.ws.container.service.state.internal.ApplicationStateManager.fireStarting(ApplicationStateManager.java:51)
	at com.ibm.ws.container.service.state.internal.StateChangeServiceImpl.fireApplicationStarting(StateChangeServiceImpl.java:50)
	at com.ibm.ws.app.manager.module.internal.SimpleDeployedAppInfoBase.preDeployApp(SimpleDeployedAppInfoBase.java:550)
	at com.ibm.ws.app.manager.module.internal.SimpleDeployedAppInfoBase.installApp(SimpleDeployedAppInfoBase.java:511)
	at com.ibm.ws.app.manager.module.internal.DeployedAppInfoBase.deployApp(DeployedAppInfoBase.java:347)
	at com.ibm.ws.app.manager.war.internal.WARApplicationHandlerImpl.install(WARApplicationHandlerImpl.java:65)
	at com.ibm.ws.app.manager.internal.statemachine.StartAction.execute(StartAction.java:140)
	at com.ibm.ws.app.manager.internal.statemachine.ApplicationStateMachineImpl.enterState(ApplicationStateMachineImpl.java:1266)
	at com.ibm.ws.app.manager.internal.statemachine.ApplicationStateMachineImpl.performAction(ApplicationStateMachineImpl.java:1134)
	at com.ibm.ws.app.manager.internal.statemachine.ApplicationStateMachineImpl.run(ApplicationStateMachineImpl.java:889)
	at com.ibm.ws.threading.internal.ExecutorServiceImpl$RunnableWrapper.run(ExecutorServiceImpl.java:239)
	at java.base/java.util.concurrent.ThreadPoolExecutor.runWorker(ThreadPoolExecutor.java:1128)
	at java.base/java.util.concurrent.ThreadPoolExecutor$Worker.run(ThreadPoolExecutor.java:628)
	at java.base/java.lang.Thread.run(Thread.java:831)

Dump of callerThis
Object type = com.ibm.ws.microprofile.config12.cdi.services.Config12CDIExtensionComponent
  serialVersionUID = 4912936303797035179
  $$$tc$$$ = class com.ibm.websphere.ras.TraceComponent@16d13473
    strings[0] = "TraceComponent[com.ibm.ws.microprofile.config12.cdi.services.Config12CDIExtensionComponent,class com.ibm.ws.microprofile.config12.cdi.services.Config12CDIExtensionComponent,[],null,null]"
  serialVersionUID = -581863720347459464
  $$$tc$$$ = class com.ibm.websphere.ras.TraceComponent@5ea6c474
    strings[0] = "TraceComponent[com.ibm.ws.microprofile.config12.cdi.Config12CDIExtension,class com.ibm.ws.microprofile.config12.cdi.Config12CDIExtension,[APPCONFIG],com.ibm.ws.microprofile.config.cdi.resources.ConfigCDI,null]"
  tc = class com.ibm.websphere.ras.TraceComponent@b9ea70ba
    strings[0] = "TraceComponent[com.ibm.ws.microprofile.config.cdi.ConfigCDIExtension,class com.ibm.ws.microprofile.config.cdi.ConfigCDIExtension,[APPCONFIG],com.ibm.ws.microprofile.config.cdi.resources.ConfigCDI,null]"
  validInjectionTypes = class java.util.HashSet@10e88dc2
    serialVersionUID = "/* Could not access serialVersionUID */"
    map = "/* Could not access map */"
    PRESENT = "/* Could not access PRESENT */"
    MAX_ARRAY_SIZE = "/* Could not access MAX_ARRAY_SIZE */"
  badInjectionTypes = class java.util.HashSet@e75bc968
    serialVersionUID = "/* Could not access serialVersionUID */"
    map = "/* Could not access map */"
    PRESENT = "/* Could not access PRESENT */"
    MAX_ARRAY_SIZE = "/* Could not access MAX_ARRAY_SIZE */"
  configs = class java.util.HashMap@df5a38e6
    serialVersionUID = "/* Could not access serialVersionUID */"
    DEFAULT_INITIAL_CAPACITY = "/* Could not access DEFAULT_INITIAL_CAPACITY */"
    MAXIMUM_CAPACITY = "/* Could not access MAXIMUM_CAPACITY */"
    DEFAULT_LOAD_FACTOR = "/* Could not access DEFAULT_LOAD_FACTOR */"
    TREEIFY_THRESHOLD = "/* Could not access TREEIFY_THRESHOLD */"
    UNTREEIFY_THRESHOLD = "/* Could not access UNTREEIFY_THRESHOLD */"
    MIN_TREEIFY_CAPACITY = "/* Could not access MIN_TREEIFY_CAPACITY */"
    table = "/* Could not access table */"
    entrySet = "/* Could not access entrySet */"
    size = "/* Could not access size */"
    modCount = "/* Could not access modCount */"
    threshold = "/* Could not access threshold */"
    loadFactor = "/* Could not access loadFactor */"
    keySet = "/* Could not access keySet */"
    values = "/* Could not access values */"
  serialVersionUID = -4740014368013628997

Dump of objectArray[0]
Object type = org.jboss.weld.injection.FieldInjectionPoint
  serialVersionUID = 6645272914499045953
  cacheable = true
  cachedBean = null
  accessibleField = class java.lang.reflect.Field@e2fd05ac
    clazz = "/* Could not access clazz */"
    slot = "/* Could not access slot */"
    name = "/* Could not access name */"
    type = "/* Could not access type */"
    modifiers = "/* Could not access modifiers */"
    signature = "/* Could not access signature */"
    genericInfo = "/* Could not access genericInfo */"
    annotations = "/* Could not access annotations */"
    fieldAccessor = "/* Could not access fieldAccessor */"
    overrideFieldAccessor = "/* Could not access overrideFieldAccessor */"
    root = "/* Could not access root */"
    declaredAnnotations = "/* Could not access declaredAnnotations */"
    override = "/* Could not access override */"
    reflectionFactory = "/* Could not access reflectionFactory */"
    securityCheckCache = "/* Could not access securityCheckCache */"
    printStackWhenAccessFails = "/* Could not access printStackWhenAccessFails */"
    printStackPropertiesSet = "/* Could not access printStackPropertiesSet */"
  attributes = class org.jboss.weld.injection.attributes.InferringFieldInjectionPointAttributes@e3aa1409
    serialVersionUID = -3099189770772787108
    field = class org.jboss.weld.annotated.slim.backed.BackedAnnotatedField@79d8e743
      field = class java.lang.reflect.Field@325bc08c
      declaringType = class org.jboss.weld.annotated.slim.backed.BackedAnnotatedType@56886746
      typeClosure = class org.jboss.weld.annotated.enhanced.TypeClosureLazyValueHolder@8f1553c
      baseType = class java.lang.Class@92135317
    serialVersionUID = 7820718127728549436
    bean = class org.jboss.weld.serialization.BeanHolder@8dde482
      serialVersionUID = 6039992808930111222
      contextId = "port"
      beanId = null
      serialVersionUID = -5217996922004189423
      value = null
    qualifiers = class org.jboss.weld.util.collections.ImmutableTinySet$Singleton@ca40dd53
      serialVersionUID = 1
      element = class com.sun.proxy.$Proxy29@95afb253
      MAX_ARRAY_SIZE = "/* Could not access MAX_ARRAY_SIZE */"
    typeAttribute = class org.jboss.weld.injection.attributes.AbstractInferringInjectionPointAttributes$NonContextualInjectionPointTypeAttribute@10b82add
      serialVersionUID = 1870361474843082321
      componentClass = class java.lang.Class@b3c4e333
      this$0 = class org.jboss.weld.injection.attributes.InferringFieldInjectionPointAttributes@e3aa1409
      serialVersionUID = -4558590047874880757
      type = class java.lang.Class@92135317
      this$0 = class org.jboss.weld.injection.attributes.InferringFieldInjectionPointAttributes@e3aa1409
    delegate = false

Dump of objectArray[1]
Object type = java.lang.Class
  serialVersionUID = "/* Could not access serialVersionUID */"
  AllPermissionsPD = "/* Could not access AllPermissionsPD */"
  SYNTHETIC = "/* Could not access SYNTHETIC */"
  ANNOTATION = "/* Could not access ANNOTATION */"
  ENUM = "/* Could not access ENUM */"
  MEMBER_INVALID_TYPE = "/* Could not access MEMBER_INVALID_TYPE */"
  EmptyParameters = "/* Could not access EmptyParameters */"
  vmRef = "/* Could not access vmRef */"
  module = "/* Could not access module */"
  protectionDomain = "/* Could not access protectionDomain */"
  classNameString = "/* Could not access classNameString */"
  annotationVars = "/* Could not access annotationVars */"
  annotationVarsOffset = "/* Could not access annotationVarsOffset */"
  classValueMap = "/* Could not access classValueMap */"
  enumVars = "/* Could not access enumVars */"
  enumVarsOffset = "/* Could not access enumVarsOffset */"
  initializationLock = "/* Could not access initializationLock */"
  methodHandleCache = "/* Could not access methodHandleCache */"
  classRepoHolder = "/* Could not access classRepoHolder */"
  annotationCache = "/* Could not access annotationCache */"
  annotationCacheOffset = "/* Could not access annotationCacheOffset */"
  reflectCacheEnabled = "/* Could not access reflectCacheEnabled */"
  reflectCacheDebug = "/* Could not access reflectCacheDebug */"
  reflectCacheAppOnly = "/* Could not access reflectCacheAppOnly */"
  cachedInterfaces = "/* Could not access cachedInterfaces */"
  cachedInterfacesOffset = "/* Could not access cachedInterfacesOffset */"
  cachedDeclaringClass = "/* Could not access cachedDeclaringClass */"
  cachedDeclaringClassOffset = "/* Could not access cachedDeclaringClassOffset */"
  cachedEnclosingClass = "/* Could not access cachedEnclosingClass */"
  cachedEnclosingClassOffset = "/* Could not access cachedEnclosingClassOffset */"
  EMPTY_ANNOTATION_ARRAY = "/* Could not access EMPTY_ANNOTATION_ARRAY */"
  implLookup = "/* Could not access implLookup */"
  unsafe = "/* Could not access unsafe */"
  nestHost = "/* Could not access nestHost */"
  nestMembers = "/* Could not access nestMembers */"
  copyMethod = "/* Could not access copyMethod */"
  copyField = "/* Could not access copyField */"
  copyConstructor = "/* Could not access copyConstructor */"
  methodParameterTypesField = "/* Could not access methodParameterTypesField */"
  constructorParameterTypesField = "/* Could not access constructorParameterTypesField */"
  NoArgs = "/* Could not access NoArgs */"
  reflectCache = "/* Could not access reflectCache */"
  reflectCacheOffset = "/* Could not access reflectCacheOffset */"

Dump of objectArray[2]
Object type = com.ibm.ws.classloading.internal.AppClassLoader
  tc = class com.ibm.websphere.ras.TraceComponent@946152da
    strings[0] = "TraceComponent[com.ibm.ws.classloading.internal.AppClassLoader,class com.ibm.ws.classloading.internal.AppClassLoader,[ClassLoadingService],com.ibm.ws.classloading.internal.resources.ClassLoadingServiceMessages,null]"
  disableSharedClassesCache = false
  PARENT_FIRST_SEARCH_ORDER = class java.util.Collections$UnmodifiableRandomAccessList@dd7e2323
    serialVersionUID = "/* Could not access serialVersionUID */"
    serialVersionUID = "/* Could not access serialVersionUID */"
    list = "/* Could not access list */"
    serialVersionUID = "/* Could not access serialVersionUID */"
    c = "/* Could not access c */"
  CLASS_LOADING_TRACE_PREFIX = "com.ibm.ws.class.load."
  DEFAULT_PACKAGE = "default.package"
  perPackageClassLoadingTraceComponents = class java.util.concurrent.ConcurrentHashMap@bf9fb13f
    serialVersionUID = "/* Could not access serialVersionUID */"
    MAXIMUM_CAPACITY = "/* Could not access MAXIMUM_CAPACITY */"
    DEFAULT_CAPACITY = "/* Could not access DEFAULT_CAPACITY */"
    MAX_ARRAY_SIZE = "/* Could not access MAX_ARRAY_SIZE */"
    DEFAULT_CONCURRENCY_LEVEL = "/* Could not access DEFAULT_CONCURRENCY_LEVEL */"
    LOAD_FACTOR = "/* Could not access LOAD_FACTOR */"
    TREEIFY_THRESHOLD = "/* Could not access TREEIFY_THRESHOLD */"
    UNTREEIFY_THRESHOLD = "/* Could not access UNTREEIFY_THRESHOLD */"
    MIN_TREEIFY_CAPACITY = "/* Could not access MIN_TREEIFY_CAPACITY */"
    MIN_TRANSFER_STRIDE = "/* Could not access MIN_TRANSFER_STRIDE */"
    RESIZE_STAMP_BITS = "/* Could not access RESIZE_STAMP_BITS */"
    MAX_RESIZERS = "/* Could not access MAX_RESIZERS */"
    RESIZE_STAMP_SHIFT = "/* Could not access RESIZE_STAMP_SHIFT */"
    MOVED = "/* Could not access MOVED */"
    TREEBIN = "/* Could not access TREEBIN */"
    RESERVED = "/* Could not access RESERVED */"
    HASH_BITS = "/* Could not access HASH_BITS */"
    NCPU = "/* Could not access NCPU */"
    serialPersistentFields = "/* Could not access serialPersistentFields */"
    table = "/* Could not access table */"
    nextTable = "/* Could not access nextTable */"
    baseCount = "/* Could not access baseCount */"
    sizeCtl = "/* Could not access sizeCtl */"
    transferIndex = "/* Could not access transferIndex */"
    cellsBusy = "/* Could not access cellsBusy */"
    counterCells = "/* Could not access counterCells */"
    keySet = "/* Could not access keySet */"
    values = "/* Could not access values */"
    entrySet = "/* Could not access entrySet */"
    U = "/* Could not access U */"
    SIZECTL = "/* Could not access SIZECTL */"
    TRANSFERINDEX = "/* Could not access TRANSFERINDEX */"
    BASECOUNT = "/* Could not access BASECOUNT */"
    CELLSBUSY = "/* Could not access CELLSBUSY */"
    CELLVALUE = "/* Could not access CELLVALUE */"
    ABASE = "/* Could not access ABASE */"
    ASHIFT = "/* Could not access ASHIFT */"
    keySet = "/* Could not access keySet */"
    values = "/* Could not access values */"
  config = class com.ibm.ws.classloading.internal.ClassLoaderConfigurationImpl@fca97c8d
    DEFAULT_PROTECTION_DOMAIN = class java.security.ProtectionDomain@2e82cf1a
      filePermCompatInPD = "/* Could not access filePermCompatInPD */"
      codesource = "/* Could not access codesource */"
      classloader = "/* Could not access classloader */"
      principals = "/* Could not access principals */"
      permissions = "/* Could not access permissions */"
      hasAllPerm = "/* Could not access hasAllPerm */"
      staticPermissions = "/* Could not access staticPermissions */"
      key = "/* Could not access key */"
    delegateLast = false
    includeAppExtensions = true
    id = class com.ibm.ws.classloading.serializable.ClassLoaderIdentityImpl@1f41b1a2
      serialVersionUID = 1
      DOMAIN = "D"
      ID = "I"
      serialPersistentFields = class java.io.ObjectStreamField[2]
      SEPARATOR = ":"
      domain = "WebModule"
      id = "port#port.war"
      $$$tc$$$ = class com.ibm.websphere.ras.TraceComponent@b98e7d9e
    parentId = null
    sharedLibraries = class java.util.ArrayList@81e4d26c
      serialVersionUID = "/* Could not access serialVersionUID */"
      DEFAULT_CAPACITY = "/* Could not access DEFAULT_CAPACITY */"
      EMPTY_ELEMENTDATA = "/* Could not access EMPTY_ELEMENTDATA */"
      DEFAULTCAPACITY_EMPTY_ELEMENTDATA = "/* Could not access DEFAULTCAPACITY_EMPTY_ELEMENTDATA */"
      elementData = "/* Could not access elementData */"
      size = "/* Could not access size */"
      MAX_ARRAY_SIZE = "/* Could not access MAX_ARRAY_SIZE */"
      modCount = "/* Could not access modCount */"
      MAX_ARRAY_SIZE = "/* Could not access MAX_ARRAY_SIZE */"
    commonLibraries = class java.util.Collections$EmptyList@eebc70d
      serialVersionUID = "/* Could not access serialVersionUID */"
      modCount = "/* Could not access modCount */"
      MAX_ARRAY_SIZE = "/* Could not access MAX_ARRAY_SIZE */"
    providers = class java.util.Collections$EmptyList@eebc70d
    nativeLibraryContainers = class java.util.Collections$EmptyList@eebc70d
    protectionDomain = class java.security.ProtectionDomain@900fc184
      filePermCompatInPD = "/* Could not access filePermCompatInPD */"
      codesource = "/* Could not access codesource */"
      classloader = "/* Could not access classloader */"
      principals = "/* Could not access principals */"
      permissions = "/* Could not access permissions */"
      hasAllPerm = "/* Could not access hasAllPerm */"
      staticPermissions = "/* Could not access staticPermissions */"
      key = "/* Could not access key */"
    serialVersionUID = 9091690180200375339
    $$$tc$$$ = class com.ibm.websphere.ras.TraceComponent@12e751d0
      strings[0] = "TraceComponent[com.ibm.ws.classloading.internal.ClassLoaderConfigurationImpl,class com.ibm.ws.classloading.internal.ClassLoaderConfigurationImpl,[ClassLoadingService],com.ibm.ws.classloading.internal.resources.ClassLoadingServiceMessages,null]"
  privateLibraries = null
  delegateLoaders = class com.ibm.ws.classloading.internal.util.CompositeIterable@e90ca24
    iterables = class java.util.Arrays$ArrayList@fc08c449
      serialVersionUID = "/* Could not access serialVersionUID */"
      a = "/* Could not access a */"
      modCount = "/* Could not access modCount */"
      MAX_ARRAY_SIZE = "/* Could not access MAX_ARRAY_SIZE */"
    serialVersionUID = -1227195994638150837
    $$$tc$$$ = class com.ibm.websphere.ras.TraceComponent@ab68ab6f
      strings[0] = "TraceComponent[com.ibm.ws.classloading.internal.util.CompositeIterable,class com.ibm.ws.classloading.internal.util.CompositeIterable,[ClassLoadingService],com.ibm.ws.classloading.internal.resources.ClassLoadingServiceMessages,null]"
  nativeLibraryFiles = class java.util.ArrayList@fb5f6e1
    serialVersionUID = "/* Could not access serialVersionUID */"
    DEFAULT_CAPACITY = "/* Could not access DEFAULT_CAPACITY */"
    EMPTY_ELEMENTDATA = "/* Could not access EMPTY_ELEMENTDATA */"
    DEFAULTCAPACITY_EMPTY_ELEMENTDATA = "/* Could not access DEFAULTCAPACITY_EMPTY_ELEMENTDATA */"
    elementData = "/* Could not access elementData */"
    size = "/* Could not access size */"
    MAX_ARRAY_SIZE = "/* Could not access MAX_ARRAY_SIZE */"
    modCount = "/* Could not access modCount */"
    MAX_ARRAY_SIZE = "/* Could not access MAX_ARRAY_SIZE */"
  transformers = class java.util.ArrayList@69fdc9bd
    serialVersionUID = "/* Could not access serialVersionUID */"
    DEFAULT_CAPACITY = "/* Could not access DEFAULT_CAPACITY */"
    EMPTY_ELEMENTDATA = "/* Could not access EMPTY_ELEMENTDATA */"
    DEFAULTCAPACITY_EMPTY_ELEMENTDATA = "/* Could not access DEFAULTCAPACITY_EMPTY_ELEMENTDATA */"
    elementData = "/* Could not access elementData */"
    size = "/* Could not access size */"
    MAX_ARRAY_SIZE = "/* Could not access MAX_ARRAY_SIZE */"
    modCount = "/* Could not access modCount */"
    MAX_ARRAY_SIZE = "/* Could not access MAX_ARRAY_SIZE */"
  apiAccess = class com.ibm.ws.classloading.internal.GatewayClassLoader@2f0ecae3
    config = class com.ibm.ws.classloading.internal.GatewayConfigurationImpl@1e84c1fe
      bundleRequirements = null
      packageImports = null
      dynamicPackageImports = class java.util.Collections$UnmodifiableRandomAccessList@60dee5ed
      delegateToSystem = true
      apiTypeVisibility = class java.util.RegularEnumSet@457d87db
      appName = "port"
      appVersion = null
    wiringMonitor = class com.ibm.ws.classloading.internal.GatewayClassLoader$1@25a66eb4
      this$0 = class com.ibm.ws.classloading.internal.GatewayClassLoader@2f0ecae3
      serialVersionUID = -6591900154872362572
      $$$tc$$$ = class com.ibm.websphere.ras.TraceComponent@98d66db6
    bundle = class org.eclipse.osgi.internal.framework.EquinoxBundle@47f802c7
      equinoxContainer = class org.eclipse.osgi.internal.framework.EquinoxContainer@6ebc25fd
      module = class org.eclipse.osgi.internal.framework.EquinoxBundle$EquinoxModule@c22ae496
      monitor = class java.lang.Object@246b319
      context = class org.eclipse.osgi.internal.framework.BundleContextImpl@37fd6849
      signerInfos = null
      $SWITCH_TABLE$org$eclipse$osgi$container$Module$State = {1,2,3,4,5,6,7} /* array length = 7 */
    wiring = class org.eclipse.osgi.container.ModuleWiring@41070a21
      GET_CLASSLOADER_PERM = class java.lang.RuntimePermission@81e972be
      DYNAMICALLY_ADDED_IMPORT_DIRECTIVE = "x.dynamically.added"
      revision = class org.eclipse.osgi.container.ModuleRevision@713a8ecf
      capabilities = class java.util.ArrayList@2f752135
      requirements = class java.util.ArrayList@179fd95
      substitutedPkgNames = class java.util.Collections$EmptyList@eebc70d
      loader = class org.eclipse.osgi.internal.container.AtomicLazyInitializer@79c928a3
      loaderInitializer = class org.eclipse.osgi.container.ModuleWiring$LoaderInitializer@df7d1505
      providedWires = class java.util.ArrayList@c3bca814
      requiredWires = class java.util.ArrayList@bdff0693
      isValid = true
      dynamicMissRef = class java.util.concurrent.atomic.AtomicReference@4d82be9d
    bundleLoader = class org.eclipse.osgi.internal.loader.EquinoxClassLoader@8d6a3889
      EQUINOX_REGISTERED_AS_PARALLEL = true
      configuration = class org.eclipse.osgi.internal.framework.EquinoxConfiguration@7b702724
      debug = class org.eclipse.osgi.internal.debug.Debug@fd9cc24
      delegate = class org.eclipse.osgi.internal.loader.BundleLoader@21d978dd
      generation = class org.eclipse.osgi.storage.BundleInfo$Generation@28a3a9b7
      manager = class org.eclipse.osgi.internal.loader.classpath.ClasspathManager@91450e8e
      isRegisteredAsParallel = true
      ALLPERMISSIONS = class java.security.AllPermissionCollection@77248892
      REGISTERED_AS_PARALLEL = true
      classNameLocks = class java.util.HashMap@b76eeafe
      pkgLock = class java.lang.Object@517c7a5c
      defaultCodeSource = "/* Could not access defaultCodeSource */"
      bootstrapClassLoader = "/* Could not access bootstrapClassLoader */"
      servicesCatalog = "/* Could not access servicesCatalog */"
      unnamedModule = "/* Could not access unnamedModule */"
      classLoaderName = "/* Could not access classLoaderName */"
      DELEGATING_CL = "/* Could not access DELEGATING_CL */"
      isDelegatingCL = "/* Could not access isDelegatingCL */"
      applicationClassLoader = "/* Could not access applicationClassLoader */"
      initSystemClassLoader = "/* Could not access initSystemClassLoader */"
      isAssertOptionFound = "/* Could not access isAssertOptionFound */"
      vmRef = "/* Could not access vmRef */"
      parent = "/* Could not access parent */"
      checkAssertionOptions = "/* Could not access checkAssertionOptions */"
      assertionLock = "/* Could not access assertionLock */"
      defaultAssertionStatus = "/* Could not access defaultAssertionStatus */"
      packageAssertionStatus = "/* Could not access packageAssertionStatus */"
      classAssertionStatus = "/* Could not access classAssertionStatus */"
      packages = "/* Could not access packages */"
      classLoaderValueMap = "/* Could not access classLoaderValueMap */"
      lazyInitLock = "/* Could not access lazyInitLock */"
      classSigners = "/* Could not access classSigners */"
      packageSigners = "/* Could not access packageSigners */"
      emptyCertificates = "/* Could not access emptyCertificates */"
      defaultProtectionDomain = "/* Could not access defaultProtectionDomain */"
      parallelCapableCollection = "/* Could not access parallelCapableCollection */"
      classNameBasedLock = "/* Could not access classNameBasedLock */"
      isParallelCapable = "/* Could not access isParallelCapable */"
      EMPTY_PACKAGE_ARRAY = "/* Could not access EMPTY_PACKAGE_ARRAY */"
      methodTypeFromMethodDescriptorStringCache = "/* Could not access methodTypeFromMethodDescriptorStringCache */"
      allowArraySyntax = "/* Could not access allowArraySyntax */"
      lazyClassLoaderInit = "/* Could not access lazyClassLoaderInit */"
      specialLoaderInited = "/* Could not access specialLoaderInited */"
      internalAnonClassLoader = "/* Could not access internalAnonClassLoader */"
    resourceProviders = class com.ibm.ws.classloading.internal.CompositeResourceProvider@bf65c7bc
      lockFactory = class java.util.concurrent.locks.ReentrantReadWriteLock@e9e629c8
      providerMap = class com.ibm.ws.classloading.internal.util.MultiMap@99a9cb3d
      serialVersionUID = -5576435894946156347
      $$$tc$$$ = class com.ibm.websphere.ras.TraceComponent@233aa265
    serialVersionUID = -4256474098847905153
    $$$tc$$$ = class com.ibm.websphere.ras.TraceComponent@488594cc
      strings[0] = "TraceComponent[com.ibm.ws.classloading.internal.GatewayClassLoader,class com.ibm.ws.classloading.internal.GatewayClassLoader,[ClassLoadingService],com.ibm.ws.classloading.internal.resources.ClassLoadingServiceMessages,null]"
    defaultCodeSource = "/* Could not access defaultCodeSource */"
    bootstrapClassLoader = "/* Could not access bootstrapClassLoader */"
    servicesCatalog = "/* Could not access servicesCatalog */"
    unnamedModule = "/* Could not access unnamedModule */"
    classLoaderName = "/* Could not access classLoaderName */"
    DELEGATING_CL = "/* Could not access DELEGATING_CL */"
    isDelegatingCL = "/* Could not access isDelegatingCL */"
    applicationClassLoader = "/* Could not access applicationClassLoader */"
    initSystemClassLoader = "/* Could not access initSystemClassLoader */"
    isAssertOptionFound = "/* Could not access isAssertOptionFound */"
    vmRef = "/* Could not access vmRef */"
    parent = "/* Could not access parent */"
    checkAssertionOptions = "/* Could not access checkAssertionOptions */"
    assertionLock = "/* Could not access assertionLock */"
    defaultAssertionStatus = "/* Could not access defaultAssertionStatus */"
    packageAssertionStatus = "/* Could not access packageAssertionStatus */"
    classAssertionStatus = "/* Could not access classAssertionStatus */"
    packages = "/* Could not access packages */"
    classLoaderValueMap = "/* Could not access classLoaderValueMap */"
    lazyInitLock = "/* Could not access lazyInitLock */"
    classSigners = "/* Could not access classSigners */"
    packageSigners = "/* Could not access packageSigners */"
    emptyCertificates = "/* Could not access emptyCertificates */"
    defaultProtectionDomain = "/* Could not access defaultProtectionDomain */"
    parallelCapableCollection = "/* Could not access parallelCapableCollection */"
    classNameBasedLock = "/* Could not access classNameBasedLock */"
    isParallelCapable = "/* Could not access isParallelCapable */"
    EMPTY_PACKAGE_ARRAY = "/* Could not access EMPTY_PACKAGE_ARRAY */"
    methodTypeFromMethodDescriptorStringCache = "/* Could not access methodTypeFromMethodDescriptorStringCache */"
    allowArraySyntax = "/* Could not access allowArraySyntax */"
    lazyClassLoaderInit = "/* Could not access lazyClassLoaderInit */"
    specialLoaderInited = "/* Could not access specialLoaderInited */"
    internalAnonClassLoader = "/* Could not access internalAnonClassLoader */"
  generator = class com.ibm.ws.classloading.internal.ClassGeneratorManager@8ddee265
    tc = class com.ibm.websphere.ras.TraceComponent@1d2c017c
      strings[0] = "TraceComponent[com.ibm.ws.classloading.internal.ClassGeneratorManager,class com.ibm.ws.classloading.internal.ClassGeneratorManager,[ClassLoadingService],com.ibm.ws.classloading.internal.resources.ClassLoadingServiceMessages,null]"
    generatorRefs = class com.ibm.wsspi.kernel.service.utils.ConcurrentServiceReferenceSet@d2974f46
      referenceName = "generators"
      contextRef = class java.util.concurrent.atomic.AtomicReference@51b371f1
      elementMap = class java.util.LinkedHashMap@8969828c
      elementSet = class java.util.concurrent.ConcurrentSkipListSet@f6d1be08
      elementSetUnsorted = false
      serialVersionUID = 756240983881166148
      $$$tc$$$ = class com.ibm.websphere.ras.TraceComponent@cbef959c
    serialVersionUID = 4152663586056483310
  protectionDomains = class java.util.concurrent.ConcurrentHashMap@9d6c8309
    serialVersionUID = "/* Could not access serialVersionUID */"
    MAXIMUM_CAPACITY = "/* Could not access MAXIMUM_CAPACITY */"
    DEFAULT_CAPACITY = "/* Could not access DEFAULT_CAPACITY */"
    MAX_ARRAY_SIZE = "/* Could not access MAX_ARRAY_SIZE */"
    DEFAULT_CONCURRENCY_LEVEL = "/* Could not access DEFAULT_CONCURRENCY_LEVEL */"
    LOAD_FACTOR = "/* Could not access LOAD_FACTOR */"
    TREEIFY_THRESHOLD = "/* Could not access TREEIFY_THRESHOLD */"
    UNTREEIFY_THRESHOLD = "/* Could not access UNTREEIFY_THRESHOLD */"
    MIN_TREEIFY_CAPACITY = "/* Could not access MIN_TREEIFY_CAPACITY */"
    MIN_TRANSFER_STRIDE = "/* Could not access MIN_TRANSFER_STRIDE */"
    RESIZE_STAMP_BITS = "/* Could not access RESIZE_STAMP_BITS */"
    MAX_RESIZERS = "/* Could not access MAX_RESIZERS */"
    RESIZE_STAMP_SHIFT = "/* Could not access RESIZE_STAMP_SHIFT */"
    MOVED = "/* Could not access MOVED */"
    TREEBIN = "/* Could not access TREEBIN */"
    RESERVED = "/* Could not access RESERVED */"
    HASH_BITS = "/* Could not access HASH_BITS */"
    NCPU = "/* Could not access NCPU */"
    serialPersistentFields = "/* Could not access serialPersistentFields */"
    table = "/* Could not access table */"
    nextTable = "/* Could not access nextTable */"
    baseCount = "/* Could not access baseCount */"
    sizeCtl = "/* Could not access sizeCtl */"
    transferIndex = "/* Could not access transferIndex */"
    cellsBusy = "/* Could not access cellsBusy */"
    counterCells = "/* Could not access counterCells */"
    keySet = "/* Could not access keySet */"
    values = "/* Could not access values */"
    entrySet = "/* Could not access entrySet */"
    U = "/* Could not access U */"
    SIZECTL = "/* Could not access SIZECTL */"
    TRANSFERINDEX = "/* Could not access TRANSFERINDEX */"
    BASECOUNT = "/* Could not access BASECOUNT */"
    CELLSBUSY = "/* Could not access CELLSBUSY */"
    CELLVALUE = "/* Could not access CELLVALUE */"
    ABASE = "/* Could not access ABASE */"
    ASHIFT = "/* Could not access ASHIFT */"
    keySet = "/* Could not access keySet */"
    values = "/* Could not access values */"
  parent = class com.ibm.ws.classloading.internal.GatewayClassLoader@2f0ecae3
  hook = class com.ibm.ws.kernel.boot.classloader.SharedClassCacheHook@ec152207
    sharedClassHelperFactoryClass = class com.ibm.oti.shared.SharedClassHelperFactoryImpl@d136231d
      tokenHelpers = "/* Could not access tokenHelpers */"
      urlHelpers = "/* Could not access urlHelpers */"
      urlcpHelpers = "/* Could not access urlcpHelpers */"
      globalSharingFilter = "/* Could not access globalSharingFilter */"
      GLOBAL_SHARING_FILTER = "/* Could not access GLOBAL_SHARING_FILTER */"
      idCount = "/* Could not access idCount */"
      monitor = "/* Could not access monitor */"
    getURLHelperMethod = class java.lang.reflect.Method@44d68c8d
      clazz = "/* Could not access clazz */"
      slot = "/* Could not access slot */"
      name = "/* Could not access name */"
      returnType = "/* Could not access returnType */"
      parameterTypes = "/* Could not access parameterTypes */"
      exceptionTypes = "/* Could not access exceptionTypes */"
      modifiers = "/* Could not access modifiers */"
      signature = "/* Could not access signature */"
      genericInfo = "/* Could not access genericInfo */"
      annotations = "/* Could not access annotations */"
      parameterAnnotations = "/* Could not access parameterAnnotations */"
      annotationDefault = "/* Could not access annotationDefault */"
      methodAccessor = "/* Could not access methodAccessor */"
      root = "/* Could not access root */"
      hasRealParameterData = "/* Could not access hasRealParameterData */"
      parameters = "/* Could not access parameters */"
      declaredAnnotations = "/* Could not access declaredAnnotations */"
      override = "/* Could not access override */"
      reflectionFactory = "/* Could not access reflectionFactory */"
      securityCheckCache = "/* Could not access securityCheckCache */"
      printStackWhenAccessFails = "/* Could not access printStackWhenAccessFails */"
      printStackPropertiesSet = "/* Could not access printStackPropertiesSet */"
    findSharedClassMethod = class java.lang.reflect.Method@d7cf10f
      clazz = "/* Could not access clazz */"
      slot = "/* Could not access slot */"
      name = "/* Could not access name */"
      returnType = "/* Could not access returnType */"
      parameterTypes = "/* Could not access parameterTypes */"
      exceptionTypes = "/* Could not access exceptionTypes */"
      modifiers = "/* Could not access modifiers */"
      signature = "/* Could not access signature */"
      genericInfo = "/* Could not access genericInfo */"
      annotations = "/* Could not access annotations */"
      parameterAnnotations = "/* Could not access parameterAnnotations */"
      annotationDefault = "/* Could not access annotationDefault */"
      methodAccessor = "/* Could not access methodAccessor */"
      root = "/* Could not access root */"
      hasRealParameterData = "/* Could not access hasRealParameterData */"
      parameters = "/* Could not access parameters */"
      declaredAnnotations = "/* Could not access declaredAnnotations */"
      override = "/* Could not access override */"
      reflectionFactory = "/* Could not access reflectionFactory */"
      securityCheckCache = "/* Could not access securityCheckCache */"
      printStackWhenAccessFails = "/* Could not access printStackWhenAccessFails */"
      printStackPropertiesSet = "/* Could not access printStackPropertiesSet */"
    storeSharedClassMethod = class java.lang.reflect.Method@c49e6a20
      clazz = "/* Could not access clazz */"
      slot = "/* Could not access slot */"
      name = "/* Could not access name */"
      returnType = "/* Could not access returnType */"
      parameterTypes = "/* Could not access parameterTypes */"
      exceptionTypes = "/* Could not access exceptionTypes */"
      modifiers = "/* Could not access modifiers */"
      signature = "/* Could not access signature */"
      genericInfo = "/* Could not access genericInfo */"
      annotations = "/* Could not access annotations */"
      parameterAnnotations = "/* Could not access parameterAnnotations */"
      annotationDefault = "/* Could not access annotationDefault */"
      methodAccessor = "/* Could not access methodAccessor */"
      root = "/* Could not access root */"
      hasRealParameterData = "/* Could not access hasRealParameterData */"
      parameters = "/* Could not access parameters */"
      declaredAnnotations = "/* Could not access declaredAnnotations */"
      override = "/* Could not access override */"
      reflectionFactory = "/* Could not access reflectionFactory */"
      securityCheckCache = "/* Could not access securityCheckCache */"
      printStackWhenAccessFails = "/* Could not access printStackWhenAccessFails */"
      printStackPropertiesSet = "/* Could not access printStackPropertiesSet */"
    sharedClassURLHelper = class com.ibm.oti.shared.SharedClassURLHelperImpl@a0a77e06
      minimizeUpdateChecks = "/* Could not access minimizeUpdateChecks */"
      jarFileNameCache = "/* Could not access jarFileNameCache */"
      MINIMIZE_ENABLED = "/* Could not access MINIMIZE_ENABLED */"
      ROMCLASS_COOKIE_SIZE = "/* Could not access ROMCLASS_COOKIE_SIZE */"
      URI_EXCEPTION = "/* Could not access URI_EXCEPTION */"
      FILE_EXIST = "/* Could not access FILE_EXIST */"
      FILE_NOT_EXIST = "/* Could not access FILE_NOT_EXIST */"
      sharedClassFilter = "/* Could not access sharedClassFilter */"
      nativeFlags = "/* Could not access nativeFlags */"
      CACHE_FULL_FLAG = "/* Could not access CACHE_FULL_FLAG */"
      verbose = "/* Could not access verbose */"
      loaderRef = "/* Could not access loaderRef */"
      readPerm = "/* Could not access readPerm */"
      writePerm = "/* Could not access writePerm */"
      canFind = "/* Could not access canFind */"
      canStore = "/* Could not access canStore */"
      id = "/* Could not access id */"
  serialVersionUID = 6578332052554033431
  tc = class com.ibm.websphere.ras.TraceComponent@20753873
    strings[0] = "TraceComponent[com.ibm.ws.classloading.internal.ContainerClassLoader,class com.ibm.ws.classloading.internal.ContainerClassLoader,[ClassLoadingService],com.ibm.ws.classloading.internal.resources.ClassLoadingServiceMessages,null]"
  smartClassPath = class com.ibm.ws.classloading.internal.ContainerClassLoader$SmartClassPathImpl@b6e8c7f4
    rwLock = class java.util.concurrent.locks.ReentrantReadWriteLock@6c1dea03
      serialVersionUID = "/* Could not access serialVersionUID */"
      readerLock = "/* Could not access readerLock */"
      writerLock = "/* Could not access writerLock */"
      sync = "/* Could not access sync */"
    outstandingContainers = class java.util.concurrent.atomic.AtomicInteger@e815b77f
      serialVersionUID = "/* Could not access serialVersionUID */"
      U = "/* Could not access U */"
      VALUE = "/* Could not access VALUE */"
      value = "/* Could not access value */"
      serialVersionUID = "/* Could not access serialVersionUID */"
    usePackageMap = true
    maxLastNotFound = 250
    maxLastFound = 900
    maxLastReallyNotFound = 900
    propsInUse = false
    classPath = class java.util.concurrent.CopyOnWriteArrayList@a386039c
      serialVersionUID = "/* Could not access serialVersionUID */"
      lock = "/* Could not access lock */"
      array = "/* Could not access array */"
    MAX_LASTNOTFOUND = 250
    lastNotFound = class java.util.concurrent.CopyOnWriteArrayList@63f91a5
      serialVersionUID = "/* Could not access serialVersionUID */"
      lock = "/* Could not access lock */"
      array = "/* Could not access array */"
    MAX_LASTFOUND = 900
    lastFoundURL = class java.util.Collections$SynchronizedMap@b3654112
      serialVersionUID = "/* Could not access serialVersionUID */"
      m = "/* Could not access m */"
      mutex = "/* Could not access mutex */"
      keySet = "/* Could not access keySet */"
      entrySet = "/* Could not access entrySet */"
      values = "/* Could not access values */"
    MAX_LASTREALLYNOTFOUND = 900
    lastReallyNotFoundURL = class java.util.Collections$SynchronizedMap@7c7c8c88
      serialVersionUID = "/* Could not access serialVersionUID */"
      m = "/* Could not access m */"
      mutex = "/* Could not access mutex */"
      keySet = "/* Could not access keySet */"
      entrySet = "/* Could not access entrySet */"
      values = "/* Could not access values */"
    packageMap = class java.util.HashMap@b08d7aee
      serialVersionUID = "/* Could not access serialVersionUID */"
      DEFAULT_INITIAL_CAPACITY = "/* Could not access DEFAULT_INITIAL_CAPACITY */"
      MAXIMUM_CAPACITY = "/* Could not access MAXIMUM_CAPACITY */"
      DEFAULT_LOAD_FACTOR = "/* Could not access DEFAULT_LOAD_FACTOR */"
      TREEIFY_THRESHOLD = "/* Could not access TREEIFY_THRESHOLD */"
      UNTREEIFY_THRESHOLD = "/* Could not access UNTREEIFY_THRESHOLD */"
      MIN_TREEIFY_CAPACITY = "/* Could not access MIN_TREEIFY_CAPACITY */"
      table = "/* Could not access table */"
      entrySet = "/* Could not access entrySet */"
      size = "/* Could not access size */"
      modCount = "/* Could not access modCount */"
      threshold = "/* Could not access threshold */"
      loadFactor = "/* Could not access loadFactor */"
      keySet = "/* Could not access keySet */"
      values = "/* Could not access values */"
    containers = class java.util.Collections$SetFromMap@f286320e
      m = "/* Could not access m */"
      s = "/* Could not access s */"
      serialVersionUID = "/* Could not access serialVersionUID */"
      MAX_ARRAY_SIZE = "/* Could not access MAX_ARRAY_SIZE */"
    serialVersionUID = 1586111247084489525
    $$$tc$$$ = class com.ibm.websphere.ras.TraceComponent@d6df0804
      strings[0] = "TraceComponent[com.ibm.ws.classloading.internal.ContainerClassLoader$SmartClassPathImpl,class com.ibm.ws.classloading.internal.ContainerClassLoader$SmartClassPathImpl,[ClassLoadingService],com.ibm.ws.classloading.internal.resources.ClassLoadingServiceMessages,null]"
  nativeLibraryContainers = class java.util.ArrayList@b973a4d3
    serialVersionUID = "/* Could not access serialVersionUID */"
    DEFAULT_CAPACITY = "/* Could not access DEFAULT_CAPACITY */"
    EMPTY_ELEMENTDATA = "/* Could not access EMPTY_ELEMENTDATA */"
    DEFAULTCAPACITY_EMPTY_ELEMENTDATA = "/* Could not access DEFAULTCAPACITY_EMPTY_ELEMENTDATA */"
    elementData = "/* Could not access elementData */"
    size = "/* Could not access size */"
    MAX_ARRAY_SIZE = "/* Could not access MAX_ARRAY_SIZE */"
    modCount = "/* Could not access modCount */"
    MAX_ARRAY_SIZE = "/* Could not access MAX_ARRAY_SIZE */"
  redefiner = class com.ibm.ws.classloading.internal.util.ClassRedefiner@409cd9be
    tc = class com.ibm.websphere.ras.TraceComponent@d85610b1
      strings[0] = "TraceComponent[com.ibm.ws.classloading.internal.util.ClassRedefiner,class com.ibm.ws.classloading.internal.util.ClassRedefiner,[ClassLoadingService],com.ibm.ws.classloading.internal.resources.ClassLoadingServiceMessages,null]"
    LS = "
"
    inst = class com.sun.proxy.$Proxy3@8a99586f
      m1 = class java.lang.reflect.Method@382e570b
      m16 = class java.lang.reflect.Method@8b68cb4f
      m8 = class java.lang.reflect.Method@e4adb224
      m6 = class java.lang.reflect.Method@cbf5942d
      m11 = class java.lang.reflect.Method@730c49ef
      m10 = class java.lang.reflect.Method@5cafb6cf
      m2 = class java.lang.reflect.Method@47c722fb
      m18 = class java.lang.reflect.Method@2e33fdb5
      m5 = class java.lang.reflect.Method@d405df50
      m7 = class java.lang.reflect.Method@56744223
      m14 = class java.lang.reflect.Method@40956fe0
      m19 = class java.lang.reflect.Method@e6bfc49b
      m0 = class java.lang.reflect.Method@7de31d55
      m13 = class java.lang.reflect.Method@6b2614c7
      m9 = class java.lang.reflect.Method@d3cec58b
      m15 = class java.lang.reflect.Method@35d3005
      m12 = class java.lang.reflect.Method@c607ac1e
      m17 = class java.lang.reflect.Method@8cd558e6
      m3 = class java.lang.reflect.Method@cff9a35
      m4 = class java.lang.reflect.Method@c1f995ba
      serialVersionUID = "/* Could not access serialVersionUID */"
      constructorParams = "/* Could not access constructorParams */"
      proxyCache = "/* Could not access proxyCache */"
      h = "/* Could not access h */"
      EMPTY_CLASS_ARRAY = "/* Could not access EMPTY_CLASS_ARRAY */"
      PROXY_PACKAGE_PREFIX = "/* Could not access PROXY_PACKAGE_PREFIX */"
    serialVersionUID = 2420101865139508526
  jarProtocol = "wsjar:"
  mapCreationQueue = class java.util.concurrent.Executors$FinalizableDelegatedExecutorService@7d1fe810
    e = "/* Could not access e */"
  serialVersionUID = 6399598832433768509
  serialVersionUID = -7411549862368381758
  $$$tc$$$ = class com.ibm.websphere.ras.TraceComponent@3972c049
    strings[0] = "TraceComponent[com.ibm.ws.classloading.internal.IdentifiedLoader,class com.ibm.ws.classloading.internal.IdentifiedLoader,[ClassLoadingService],com.ibm.ws.classloading.internal.resources.ClassLoadingServiceMessages,null]"
  serialVersionUID = -4868702105808481416
  $$$tc$$$ = class com.ibm.websphere.ras.TraceComponent@9ccc31ac
    strings[0] = "TraceComponent[com.ibm.ws.classloading.internal.LibertyLoader,class com.ibm.ws.classloading.internal.LibertyLoader,[ClassLoadingService],com.ibm.ws.classloading.internal.resources.ClassLoadingServiceMessages,null]"
  serialVersionUID = 2596921220292114344
  $$$tc$$$ = class com.ibm.websphere.ras.TraceComponent@98ab041d
    strings[0] = "TraceComponent[com.ibm.ws.classloading.LibertyClassLoader,class com.ibm.ws.classloading.LibertyClassLoader,[ClassLoadingService],com.ibm.ws.classloading.internal.resources.ClassLoadingServiceMessages,null]"
  initialized = "/* Could not access initialized */"
  pdcache = "/* Could not access pdcache */"
  defaultCodeSource = "/* Could not access defaultCodeSource */"
  bootstrapClassLoader = "/* Could not access bootstrapClassLoader */"
  servicesCatalog = "/* Could not access servicesCatalog */"
  unnamedModule = "/* Could not access unnamedModule */"
  classLoaderName = "/* Could not access classLoaderName */"
  DELEGATING_CL = "/* Could not access DELEGATING_CL */"
  isDelegatingCL = "/* Could not access isDelegatingCL */"
  applicationClassLoader = "/* Could not access applicationClassLoader */"
  initSystemClassLoader = "/* Could not access initSystemClassLoader */"
  isAssertOptionFound = "/* Could not access isAssertOptionFound */"
  vmRef = "/* Could not access vmRef */"
  parent = "/* Could not access parent */"
  checkAssertionOptions = "/* Could not access checkAssertionOptions */"
  assertionLock = "/* Could not access assertionLock */"
  defaultAssertionStatus = "/* Could not access defaultAssertionStatus */"
  packageAssertionStatus = "/* Could not access packageAssertionStatus */"
  classAssertionStatus = "/* Could not access classAssertionStatus */"
  packages = "/* Could not access packages */"
  classLoaderValueMap = "/* Could not access classLoaderValueMap */"
  lazyInitLock = "/* Could not access lazyInitLock */"
  classSigners = "/* Could not access classSigners */"
  packageSigners = "/* Could not access packageSigners */"
  emptyCertificates = "/* Could not access emptyCertificates */"
  defaultProtectionDomain = "/* Could not access defaultProtectionDomain */"
  parallelCapableCollection = "/* Could not access parallelCapableCollection */"
  classNameBasedLock = "/* Could not access classNameBasedLock */"
  isParallelCapable = "/* Could not access isParallelCapable */"
  EMPTY_PACKAGE_ARRAY = "/* Could not access EMPTY_PACKAGE_ARRAY */"
  methodTypeFromMethodDescriptorStringCache = "/* Could not access methodTypeFromMethodDescriptorStringCache */"
  allowArraySyntax = "/* Could not access allowArraySyntax */"
  lazyClassLoaderInit = "/* Could not access lazyClassLoaderInit */"
  specialLoaderInited = "/* Could not access specialLoaderInited */"
  internalAnonClassLoader = "/* Could not access internalAnonClassLoader */"

Dump of objectArray[3]
Object type = java.lang.Boolean
  TRUE = true
  FALSE = false
  TYPE = class java.lang.Class@8f5935a1
    serialVersionUID = "/* Could not access serialVersionUID */"
    AllPermissionsPD = "/* Could not access AllPermissionsPD */"
    SYNTHETIC = "/* Could not access SYNTHETIC */"
    ANNOTATION = "/* Could not access ANNOTATION */"
    ENUM = "/* Could not access ENUM */"
    MEMBER_INVALID_TYPE = "/* Could not access MEMBER_INVALID_TYPE */"
    EmptyParameters = "/* Could not access EmptyParameters */"
    vmRef = "/* Could not access vmRef */"
    module = "/* Could not access module */"
    protectionDomain = "/* Could not access protectionDomain */"
    classNameString = "/* Could not access classNameString */"
    annotationVars = "/* Could not access annotationVars */"
    annotationVarsOffset = "/* Could not access annotationVarsOffset */"
    classValueMap = "/* Could not access classValueMap */"
    enumVars = "/* Could not access enumVars */"
    enumVarsOffset = "/* Could not access enumVarsOffset */"
    initializationLock = "/* Could not access initializationLock */"
    methodHandleCache = "/* Could not access methodHandleCache */"
    classRepoHolder = "/* Could not access classRepoHolder */"
    annotationCache = "/* Could not access annotationCache */"
    annotationCacheOffset = "/* Could not access annotationCacheOffset */"
    reflectCacheEnabled = "/* Could not access reflectCacheEnabled */"
    reflectCacheDebug = "/* Could not access reflectCacheDebug */"
    reflectCacheAppOnly = "/* Could not access reflectCacheAppOnly */"
    cachedInterfaces = "/* Could not access cachedInterfaces */"
    cachedInterfacesOffset = "/* Could not access cachedInterfacesOffset */"
    cachedDeclaringClass = "/* Could not access cachedDeclaringClass */"
    cachedDeclaringClassOffset = "/* Could not access cachedDeclaringClassOffset */"
    cachedEnclosingClass = "/* Could not access cachedEnclosingClass */"
    cachedEnclosingClassOffset = "/* Could not access cachedEnclosingClassOffset */"
    EMPTY_ANNOTATION_ARRAY = "/* Could not access EMPTY_ANNOTATION_ARRAY */"
    implLookup = "/* Could not access implLookup */"
    unsafe = "/* Could not access unsafe */"
    nestHost = "/* Could not access nestHost */"
    nestMembers = "/* Could not access nestMembers */"
    copyMethod = "/* Could not access copyMethod */"
    copyField = "/* Could not access copyField */"
    copyConstructor = "/* Could not access copyConstructor */"
    methodParameterTypesField = "/* Could not access methodParameterTypesField */"
    constructorParameterTypesField = "/* Could not access constructorParameterTypesField */"
    NoArgs = "/* Could not access NoArgs */"
    reflectCache = "/* Could not access reflectCache */"
    reflectCacheOffset = "/* Could not access reflectCacheOffset */"
  value = "/* Could not access value */"
  serialVersionUID = "/* Could not access serialVersionUID */"

