********************************************************************************
product = Open Liberty 19.0.0.12 (wlp-1.0.35.cl191220191120-0300)
wlp.install.dir = /Users/emily/Downloads/port/service-a/target/liberty/wlp/
java.home = /Library/Java/JavaVirtualMachines/adoptopenjdk-11-openj9.jdk/Contents/Home
java.version = 11.0.5
java.runtime = OpenJDK Runtime Environment (11.0.5+10)
os = Mac OS X (10.15.2; x86_64) (en_GB)
process = 92741@emilys-mbp.hursley.uk.ibm.com
********************************************************************************
[10/01/2020, 18:23:07:098 GMT] 00000001 com.ibm.ws.kernel.launch.internal.FrameworkManager           A CWWKE0001I: The server port has been launched.
[10/01/2020, 18:23:08:135 GMT] 00000001 com.ibm.ws.kernel.launch.internal.FrameworkManager           I CWWKE0002I: The kernel started after 1.322 seconds
[10/01/2020, 18:23:08:167 GMT] 00000030 com.ibm.ws.kernel.feature.internal.FeatureManager            I CWWKF0007I: Feature update started.
[10/01/2020, 18:23:08:507 GMT] 00000024 com.ibm.ws.security.ready.internal.SecurityReadyServiceImpl  I CWWKS0007I: The security service is starting...
[10/01/2020, 18:23:08:577 GMT] 00000024 .apache.cxf.cxf.core.3.2:1.0.35.cl191220191120-0300(id=173)] I Aries Blueprint packages not available. So namespaces will not be registered
[10/01/2020, 18:23:08:579 GMT] 00000024 .apache.cxf.cxf.core.3.2:1.0.35.cl191220191120-0300(id=173)] I Aries Blueprint packages not available. So namespaces will not be registered
[10/01/2020, 18:23:08:677 GMT] 00000027 com.ibm.ws.app.manager.internal.monitor.DropinMonitor        A CWWKZ0058I: Monitoring dropins for applications.
[10/01/2020, 18:23:08:738 GMT] 00000025 com.ibm.ws.annocache.service                                 I OSGi Work Path [ /Users/emily/Downloads/port/service-a/target/liberty/wlp/usr/servers/port/workarea/org.eclipse.osgi/41/data ]
[10/01/2020, 18:23:08:837 GMT] 00000034 com.ibm.ws.tcpchannel.internal.TCPChannel                    I CWWKO0219I: TCP Channel defaultHttpEndpoint has been started and is now listening for requests on host localhost  (IPv4: 127.0.0.1) port 9080.
[10/01/2020, 18:23:09:117 GMT] 00000024 com.ibm.ws.cache.ServerCache                                 I DYNA1001I: WebSphere Dynamic Cache instance named baseCache initialized successfully.
[10/01/2020, 18:23:09:119 GMT] 00000024 com.ibm.ws.cache.ServerCache                                 I DYNA1071I: The cache provider default is being used.
[10/01/2020, 18:23:09:119 GMT] 00000024 com.ibm.ws.cache.CacheServiceImpl                            I DYNA1056I: Dynamic Cache (object cache) initialized successfully.
[10/01/2020, 18:23:09:266 GMT] 0000002c com.ibm.ws.ssl.config.WSKeyStore                             I Successfully loaded default keystore: /Users/emily/Downloads/port/service-a/target/liberty/wlp/usr/servers/port/resources/security/public.jks of type: JKS
[10/01/2020, 18:23:09:280 GMT] 0000003b com.ibm.ws.security.token.ltpa.internal.LTPAKeyCreateTask    I CWWKS4105I: LTPA configuration is ready after 0.012 seconds.
[10/01/2020, 18:23:09:298 GMT] 00000024 ibm.ws.security.authentication.internal.jaas.JAASServiceImpl I CWWKS1123I: The collective authentication plugin with class name NullCollectiveAuthenticationPlugin has been activated. 
[10/01/2020, 18:23:09:301 GMT] 0000003e com.ibm.ws.tcpchannel.internal.TCPChannel                    I CWWKO0219I: TCP Channel defaultHttpEndpoint-ssl has been started and is now listening for requests on host localhost  (IPv4: 127.0.0.1) port 9443.
[10/01/2020, 18:23:09:515 GMT] 00000024 com.ibm.ws.security.jwt.internal.ConsumerImpl                I CWWKS6012I: The JSON Web Token (JWT) consumer service is available.
[10/01/2020, 18:23:09:527 GMT] 00000024 com.ibm.ws.security.jwt.web.JwtEndpointServices              I CWWKS6002I: The JSON Web Token (JWT) endpoint service is available.
[10/01/2020, 18:23:09:544 GMT] 00000024 .ws.security.mp.jwt.v11.config.impl.MpConfigProxyServiceImpl I CWWKS5775I: The MicroProfile JWT version 1.1 mpConfigProxy processed successfully.
[10/01/2020, 18:23:09:552 GMT] 00000024 com.ibm.ws.security.mp.jwt.impl.MicroProfileJwtConfigImpl    I CWWKS5500I: The MicroProfile JWT configuration [jwtUserConsumer] was successfully processed.
[10/01/2020, 18:23:09:554 GMT] 00000024 com.ibm.ws.security.mp.jwt.impl.MicroProfileJwtConfigImpl    I CWWKS5500I: The MicroProfile JWT configuration [defaultMpJwt] was successfully processed.
[10/01/2020, 18:23:09:557 GMT] 00000024 com.ibm.ws.security.mp.jwt.impl.MicroProfileJwtServiceImpl   I CWWKS5500I: The MicroProfile JWT configuration [MicroProfileJwtService] was successfully processed.
[10/01/2020, 18:23:09:728 GMT] 00000024 com.ibm.ws.session.WASSessionCore                            I SESN8501I: The session manager did not find a persistent storage location; HttpSession objects will be stored in the local application server's memory.
[10/01/2020, 18:23:10:096 GMT] 00000034 com.ibm.ws.app.manager.AppMessageHelper                      I CWWKZ0018I: Starting application port.
[10/01/2020, 18:23:10:097 GMT] 00000034 bm.ws.app.manager.war.internal.WARDeployedAppInfoFactoryImpl I CWWKZ0134I: The port application is using the loose application definition at the /Users/emily/Downloads/port/service-a/target/liberty/wlp/usr/servers/port/apps/port.war.xml location.
[10/01/2020, 18:23:10:278 GMT] 00000031 com.ibm.ws.webcontainer.osgi.webapp.WebGroup                 I SRVE0169I: Loading Web Module: PublicMicroProfileMetrics.
[10/01/2020, 18:23:10:279 GMT] 00000048 com.ibm.ws.webcontainer.osgi.webapp.WebGroup                 I SRVE0169I: Loading Web Module: ibm/api.
[10/01/2020, 18:23:10:279 GMT] 00000047 com.ibm.ws.webcontainer.osgi.webapp.WebGroup                 I SRVE0169I: Loading Web Module: OpenAPIUI.
[10/01/2020, 18:23:10:293 GMT] 00000031 com.ibm.ws.webcontainer                                      I SRVE0250I: Web Module PublicMicroProfileMetrics has been bound to default_host.
[10/01/2020, 18:23:10:293 GMT] 00000048 com.ibm.ws.webcontainer                                      I SRVE0250I: Web Module ibm/api has been bound to default_host.
[10/01/2020, 18:23:10:293 GMT] 00000047 com.ibm.ws.webcontainer                                      I SRVE0250I: Web Module OpenAPIUI has been bound to default_host.
[10/01/2020, 18:23:10:309 GMT] 00000031 com.ibm.ws.http.internal.VirtualHostImpl                     A CWWKT0016I: Web application available (default_host): http://localhost:9080/metrics/
[10/01/2020, 18:23:10:311 GMT] 00000047 com.ibm.ws.http.internal.VirtualHostImpl                     A CWWKT0016I: Web application available (default_host): http://localhost:9080/openapi/ui/
[10/01/2020, 18:23:10:312 GMT] 00000048 com.ibm.ws.http.internal.VirtualHostImpl                     A CWWKT0016I: Web application available (default_host): http://localhost:9080/ibm/api/
[10/01/2020, 18:23:10:319 GMT] 00000032 com.ibm.ws.webcontainer.osgi.webapp.WebGroup                 I SRVE0169I: Loading Web Module: health.
[10/01/2020, 18:23:10:320 GMT] 00000032 com.ibm.ws.webcontainer                                      I SRVE0250I: Web Module health has been bound to default_host.
[10/01/2020, 18:23:10:320 GMT] 00000032 com.ibm.ws.http.internal.VirtualHostImpl                     A CWWKT0016I: Web application available (default_host): http://localhost:9080/health/
[10/01/2020, 18:23:10:350 GMT] 00000045 com.ibm.ws.webcontainer.osgi.webapp.WebGroup                 I SRVE0169I: Loading Web Module: com.ibm.ws.security.jwt.
[10/01/2020, 18:23:10:351 GMT] 00000045 com.ibm.ws.webcontainer                                      I SRVE0250I: Web Module com.ibm.ws.security.jwt has been bound to default_host.
[10/01/2020, 18:23:10:352 GMT] 00000045 com.ibm.ws.http.internal.VirtualHostImpl                     A CWWKT0016I: Web application available (default_host): http://localhost:9080/jwt/
[10/01/2020, 18:23:10:355 GMT] 00000039 com.ibm.ws.session.WASSessionCore                            I SESN0176I: A new session context will be created for application key default_host/openapi/ui
[10/01/2020, 18:23:10:359 GMT] 0000003e com.ibm.ws.session.WASSessionCore                            I SESN0176I: A new session context will be created for application key default_host/jwt
[10/01/2020, 18:23:10:361 GMT] 00000044 com.ibm.ws.session.WASSessionCore                            I SESN0176I: A new session context will be created for application key default_host/metrics
[10/01/2020, 18:23:10:363 GMT] 00000031 com.ibm.ws.session.WASSessionCore                            I SESN0176I: A new session context will be created for application key default_host/ibm/api
[10/01/2020, 18:23:10:363 GMT] 00000039 com.ibm.ws.util                                              I SESN0172I: The session manager is using the Java default SecureRandom implementation for session ID generation.
[10/01/2020, 18:23:10:364 GMT] 00000042 com.ibm.ws.session.WASSessionCore                            I SESN0176I: A new session context will be created for application key default_host/health
[10/01/2020, 18:23:10:379 GMT] 0000003e com.ibm.ws.util                                              I SESN0172I: The session manager is using the Java default SecureRandom implementation for session ID generation.
[10/01/2020, 18:23:10:383 GMT] 00000042 com.ibm.ws.util                                              I SESN0172I: The session manager is using the Java default SecureRandom implementation for session ID generation.
[10/01/2020, 18:23:10:384 GMT] 00000031 com.ibm.ws.util                                              I SESN0172I: The session manager is using the Java default SecureRandom implementation for session ID generation.
[10/01/2020, 18:23:10:385 GMT] 00000044 com.ibm.ws.util                                              I SESN0172I: The session manager is using the Java default SecureRandom implementation for session ID generation.
[10/01/2020, 18:23:10:404 GMT] 00000039 com.ibm.ws.cache.CacheServiceImpl                            I DYNA1056I: Dynamic Cache (object cache) initialized successfully.
[10/01/2020, 18:23:10:541 GMT] 00000046 com.ibm.ws.webcontainer.osgi.webapp.WebGroup                 I SRVE0169I: Loading Web Module: MicroProfileOpenAPI.
[10/01/2020, 18:23:10:542 GMT] 00000046 com.ibm.ws.webcontainer                                      I SRVE0250I: Web Module MicroProfileOpenAPI has been bound to default_host.
[10/01/2020, 18:23:10:542 GMT] 00000046 com.ibm.ws.http.internal.VirtualHostImpl                     A CWWKT0016I: Web application available (default_host): http://localhost:9080/openapi/
[10/01/2020, 18:23:10:547 GMT] 0000003a com.ibm.ws.session.WASSessionCore                            I SESN0176I: A new session context will be created for application key default_host/openapi
[10/01/2020, 18:23:10:547 GMT] 0000003a com.ibm.ws.util                                              I SESN0172I: The session manager is using the Java default SecureRandom implementation for session ID generation.
[10/01/2020, 18:23:10:590 GMT] 00000044 com.ibm.ws.webcontainer.servlet                              I SRVE0242I: [com.ibm.ws.microprofile.metrics.public] [/metrics] [PublicMetricsRESTProxyServlet]: Initialization successful.
[10/01/2020, 18:23:10:600 GMT] 00000042 com.ibm.ws.webcontainer.servlet                              I SRVE0242I: [com.ibm.ws.microprofile.health.2.0] [/health] [HealthCheckReadinessServlet]: Initialization successful.
[10/01/2020, 18:23:10:609 GMT] 00000042 com.ibm.ws.webcontainer.servlet                              I SRVE0242I: [com.ibm.ws.microprofile.health.2.0] [/health] [HealthCheckServlet]: Initialization successful.
[10/01/2020, 18:23:10:609 GMT] 0000003a com.ibm.ws.webcontainer.servlet                              I SRVE0242I: [com.ibm.ws.microprofile.openapi] [/openapi] [OpenAPIServlet]: Initialization successful.
[10/01/2020, 18:23:10:612 GMT] 00000042 com.ibm.ws.webcontainer.servlet                              I SRVE0242I: [com.ibm.ws.microprofile.health.2.0] [/health] [HealthCheckLivenessServlet]: Initialization successful.
[10/01/2020, 18:23:10:769 GMT] 0000003c com.ibm.ws.webcontainer.osgi.mbeans.PluginGenerator          I SRVE9103I: A configuration file for a web server plugin was automatically generated for this server at /Users/emily/Downloads/port/service-a/target/liberty/wlp/usr/servers/port/logs/state/plugin-cfg.xml.
[10/01/2020, 18:23:10:827 GMT] 0000003b com.ibm.ws.webcontainer.osgi.mbeans.PluginGenerator          I SRVE9103I: A configuration file for a web server plugin was automatically generated for this server at /Users/emily/Downloads/port/service-a/target/liberty/wlp/usr/servers/port/logs/state/plugin-cfg.xml.
[10/01/2020, 18:23:12:430 GMT] 00000034 com.ibm.ws.microprofile.openapi.ApplicationProcessor         I CWWKO1660I: The application port was processed and an OpenAPI document was produced.
[10/01/2020, 18:23:12:444 GMT] 00000034 org.jboss.weld.Version                                       I WELD-000900: 3.1.1 (Final)
[10/01/2020, 18:23:15:108 GMT] 00000034 com.ibm.ws.webcontainer.osgi.webapp.WebGroup                 I SRVE0169I: Loading Web Module: port.
[10/01/2020, 18:23:15:108 GMT] 00000034 com.ibm.ws.webcontainer                                      I SRVE0250I: Web Module port has been bound to default_host.
[10/01/2020, 18:23:15:108 GMT] 00000034 com.ibm.ws.http.internal.VirtualHostImpl                     A CWWKT0016I: Web application available (default_host): http://localhost:9080/
[10/01/2020, 18:23:15:109 GMT] 00000034 com.ibm.ws.app.manager.AppMessageHelper                      A CWWKZ0001I: Application port started in 5.013 seconds.
[10/01/2020, 18:23:15:110 GMT] 00000047 com.ibm.ws.session.WASSessionCore                            I SESN0176I: A new session context will be created for application key default_host/
[10/01/2020, 18:23:15:110 GMT] 00000047 com.ibm.ws.util                                              I SESN0172I: The session manager is using the Java default SecureRandom implementation for session ID generation.
[10/01/2020, 18:23:15:136 GMT] 00000030 com.ibm.ws.kernel.feature.internal.FeatureManager            A CWWKF0012I: The server installed the following features: [appSecurity-2.0, cdi-2.0, concurrent-1.0, distributedMap-1.0, jaxrs-2.1, jaxrsClient-2.1, jndi-1.0, json-1.0, jsonb-1.0, jsonp-1.1, jwt-1.0, microProfile-3.2, mpConfig-1.3, mpFaultTolerance-2.0, mpHealth-2.1, mpJwt-1.1, mpMetrics-2.2, mpOpenAPI-1.1, mpOpenTracing-1.3, mpRestClient-1.3, opentracing-1.3, servlet-4.0, ssl-1.0].
[10/01/2020, 18:23:15:137 GMT] 00000030 com.ibm.ws.kernel.feature.internal.FeatureManager            I CWWKF0008I: Feature update completed in 7.002 seconds.
[10/01/2020, 18:23:15:138 GMT] 00000030 com.ibm.ws.kernel.feature.internal.FeatureManager            A CWWKF0011I: The port server is ready to run a smarter planet. The port server started in 8.326 seconds.
[10/01/2020, 18:23:15:140 GMT] 00000044 com.ibm.ws.webcontainer.osgi.mbeans.PluginGenerator          I SRVE9103I: A configuration file for a web server plugin was automatically generated for this server at /Users/emily/Downloads/port/service-a/target/liberty/wlp/usr/servers/port/logs/state/plugin-cfg.xml.
[10/01/2020, 18:44:41:691 GMT] 00000793 .apache.cxf.cxf.core.3.2:1.0.35.cl191220191120-0300(id=173)] I Setting the server's publish address to be /data/
[10/01/2020, 18:44:41:772 GMT] 00000793 com.ibm.ws.webcontainer.servlet                              I SRVE0242I: [port] [/] [com.example.port.PortRestApplication]: Initialization successful.
[10/01/2020, 18:44:41:909 GMT] 00000793 SystemErr                                                    R SLF4J: Failed to load class "org.slf4j.impl.StaticLoggerBinder".
[10/01/2020, 18:44:41:911 GMT] 00000793 SystemErr                                                    R SLF4J: Defaulting to no-operation (NOP) logger implementation
[10/01/2020, 18:44:41:912 GMT] 00000793 SystemErr                                                    R SLF4J: See http://www.slf4j.org/codes.html#StaticLoggerBinder for further details.
[10/01/2020, 18:44:42:361 GMT] 00000793 m.ibm.ws.microprofile.opentracing.jaeger.JaegerTracerFactory I CWMOT1001I: A JaegerTracer instance was created for the port application.  Tracing information is sent to localhost:6831.
[13/01/2020, 10:42:20:547 GMT] 00000021 com.ibm.ws.kernel.launch.internal.FrameworkManager           A CWWKE0085I: The server port is stopping because the JVM is exiting.
[13/01/2020, 10:42:20:624 GMT] 0000a37f com.ibm.ws.runtime.update.internal.RuntimeUpdateManagerImpl  A CWWKE1100I: Waiting for up to 30 seconds for the server to quiesce.
[13/01/2020, 10:42:20:680 GMT] 0000a384 com.ibm.ws.tcpchannel.internal.TCPChannel                    I CWWKO0220I: TCP Channel defaultHttpEndpoint-ssl has stopped listening for requests on host localhost  (IPv4: 127.0.0.1) port 9443.
[13/01/2020, 10:42:20:724 GMT] 0000a381 com.ibm.ws.tcpchannel.internal.TCPChannel                    I CWWKO0220I: TCP Channel defaultHttpEndpoint has stopped listening for requests on host localhost  (IPv4: 127.0.0.1) port 9080.
[13/01/2020, 10:42:20:725 GMT] 0000a381 com.ibm.ws.http.internal.VirtualHostImpl                     A CWWKT0017I: Web application removed (default_host): http://localhost:9080/jwt/
[13/01/2020, 10:42:20:727 GMT] 0000a381 com.ibm.ws.http.internal.VirtualHostImpl                     A CWWKT0017I: Web application removed (default_host): http://localhost:9080/openapi/ui/
[13/01/2020, 10:42:20:727 GMT] 0000a381 com.ibm.ws.http.internal.VirtualHostImpl                     A CWWKT0017I: Web application removed (default_host): http://localhost:9080/metrics/
[13/01/2020, 10:42:20:727 GMT] 0000a381 com.ibm.ws.http.internal.VirtualHostImpl                     A CWWKT0017I: Web application removed (default_host): http://localhost:9080/health/
[13/01/2020, 10:42:20:728 GMT] 0000a381 com.ibm.ws.http.internal.VirtualHostImpl                     A CWWKT0017I: Web application removed (default_host): http://localhost:9080/
[13/01/2020, 10:42:20:728 GMT] 0000a381 com.ibm.ws.http.internal.VirtualHostImpl                     A CWWKT0017I: Web application removed (default_host): http://localhost:9080/ibm/api/
[13/01/2020, 10:42:20:728 GMT] 0000a381 com.ibm.ws.http.internal.VirtualHostImpl                     A CWWKT0017I: Web application removed (default_host): http://localhost:9080/openapi/
[13/01/2020, 10:42:21:266 GMT] 00000022 com.ibm.ws.kernel.launch.internal.ServerCommandListener      A CWWKE0055I: Server shutdown requested on Monday, 13 January 2020 at 10:42. The server port is shutting down.
[13/01/2020, 10:42:21:740 GMT] 0000a37f com.ibm.ws.runtime.update.internal.RuntimeUpdateManagerImpl  I CWWKE1101I: Server quiesce complete.
[13/01/2020, 10:42:21:929 GMT] 0000a387 com.ibm.ws.app.manager.AppMessageHelper                      A CWWKZ0009I: The application port has stopped successfully.
[13/01/2020, 10:42:22:378 GMT] 0000a37f .ws.security.mp.jwt.v11.config.impl.MpConfigProxyServiceImpl I CWWKS5777I: The MicroProfile JWT version 1.1 mpConfigProxy deactivated successfully.
[13/01/2020, 10:42:22:383 GMT] 0000a37f com.ibm.ws.security.mp.jwt.impl.MicroProfileJwtConfigImpl    I CWWKS5502I: The MicroProfile JWT configuration [jwtUserConsumer] was successfully deactivated.
[13/01/2020, 10:42:22:384 GMT] 0000a37f com.ibm.ws.security.mp.jwt.impl.MicroProfileJwtConfigImpl    I CWWKS5502I: The MicroProfile JWT configuration [defaultMpJwt] was successfully deactivated.
[13/01/2020, 10:42:22:386 GMT] 0000a37f com.ibm.ws.security.mp.jwt.impl.MicroProfileJwtServiceImpl   I CWWKS5502I: The MicroProfile JWT configuration [MicroProfileJwtService] was successfully deactivated.
[13/01/2020, 10:42:22:623 GMT] 0000a37f ibm.ws.security.authentication.internal.jaas.JAASServiceImpl I CWWKS1124I: The collective authentication plugin with class name NullCollectiveAuthenticationPlugin has been deactivated. 
[13/01/2020, 10:42:22:875 GMT] 0000a37f com.ibm.ws.security.ready.internal.SecurityReadyServiceImpl  I CWWKS0009I: The security service has stopped.
[13/01/2020, 10:42:23:440 GMT] 00000001 com.ibm.ws.kernel.launch.internal.FrameworkManager           A CWWKE0036I: The server port stopped after 8 hours, 4 minutes, 4.664 seconds.
